2026-06-14 13:04:51,805 [INFO] __main__: ├ртЁшъ чряґїхэ.
2026-06-14 13:04:51,807 [INFO] aiogram.dispatcher: Start polling
2026-06-14 13:04:52,397 [INFO] aiogram.dispatcher: Run polling for bot @mayroden_bot id=7960862830 - 'gavrykbot'
2026-06-14 13:05:26,806 [INFO] aiogram.event: Update id=598837160 is handled. Duration 1448 ms by bot id=7960862830
2026-06-14 13:05:29,014 [INFO] aiogram.event: Update id=598837161 is handled. Duration 456 ms by bot id=7960862830
2026-06-14 13:05:38,101 [INFO] paramiko.transport: Connected (version 2.0, client OpenSSH_9.6p1)
2026-06-14 13:05:38,342 [INFO] paramiko.transport: Authentication (publickey) successful!
2026-06-14 13:05:39,666 [INFO] paramiko.transport: Connected (version 2.0, client OpenSSH_9.6p1)
2026-06-14 13:05:40,035 [INFO] paramiko.transport: Authentication (publickey) successful!
2026-06-14 13:12:45,980 [INFO] paramiko.transport: Connected (version 2.0, client OpenSSH_9.6p1)
2026-06-14 13:12:46,059 [INFO] aiogram.event: Update id=598837162 is handled. Duration 428836 ms by bot id=7960862830
2026-06-14 13:12:46,235 [INFO] paramiko.transport: Authentication (publickey) successful!
2026-06-14 13:14:29,018 [INFO] paramiko.transport: Connected (version 2.0, client OpenSSH_9.6p1)
2026-06-14 13:14:29,269 [INFO] paramiko.transport: Authentication (publickey) successful!
2026-06-14 13:14:30,355 [INFO] paramiko.transport: Connected (version 2.0, client OpenSSH_9.6p1)
2026-06-14 13:14:30,608 [INFO] paramiko.transport: Authentication (publickey) successful!
2026-06-14 13:18:17,441 [INFO] paramiko.transport: Connected (version 2.0, client OpenSSH_9.6p1)
2026-06-14 13:18:17,700 [INFO] paramiko.transport: Authentication (publickey) successful!
2026-06-14 13:18:18,856 [INFO] paramiko.transport: Connected (version 2.0, client OpenSSH_9.6p1)
2026-06-14 13:18:19,092 [INFO] paramiko.transport: Authentication (publickey) successful!
2026-06-14 13:24:30,471 [INFO] paramiko.transport: Connected (version 2.0, client OpenSSH_9.6p1)
2026-06-14 13:24:30,692 [INFO] aiogram.event: Update id=598837163 is handled. Duration 602002 ms by bot id=7960862830
2026-06-14 13:24:30,695 [INFO] paramiko.transport: Authentication (publickey) successful!
2026-06-14 13:25:31,271 [INFO] aiogram.event: Update id=598837164 is handled. Duration 434184 ms by bot id=7960862830
2026-06-14 13:25:32,170 [INFO] paramiko.transport: Connected (version 2.0, client OpenSSH_9.6p1)
2026-06-14 13:25:32,565 [INFO] paramiko.transport: Authentication (publickey) successful!
2026-06-14 13:28:16,933 [INFO] paramiko.transport: Connected (version 2.0, client OpenSSH_9.6p1)
2026-06-14 13:28:17,199 [INFO] paramiko.transport: Authentication (publickey) successful!
2026-06-14 13:28:18,523 [INFO] paramiko.transport: Connected (version 2.0, client OpenSSH_9.6p1)
2026-06-14 13:28:19,035 [INFO] paramiko.transport: Authentication (publickey) successful!
2026-06-14 13:34:05,881 [INFO] paramiko.transport: Connected (version 2.0, client OpenSSH_9.6p1)
2026-06-14 13:34:06,130 [INFO] paramiko.transport: Authentication (publickey) successful!
2026-06-14 13:34:07,727 [INFO] paramiko.transport: Connected (version 2.0, client OpenSSH_9.6p1)
2026-06-14 13:34:08,266 [INFO] paramiko.transport: Authentication (publickey) successful!
2026-06-14 13:35:03,882 [INFO] paramiko.transport: Connected (version 2.0, client OpenSSH_9.6p1)
2026-06-14 13:35:04,066 [INFO] aiogram.event: Update id=598837166 is handled. Duration 59088 ms by bot id=7960862830
2026-06-14 13:35:04,128 [INFO] paramiko.transport: Authentication (publickey) successful!
2026-06-14 13:37:45,959 [INFO] paramiko.transport: Connected (version 2.0, client OpenSSH_9.6p1)
2026-06-14 13:37:46,527 [INFO] paramiko.transport: Authentication (publickey) successful!
2026-06-14 13:37:47,764 [INFO] paramiko.transport: Connected (version 2.0, client OpenSSH_9.6p1)
2026-06-14 13:37:47,998 [INFO] paramiko.transport: Authentication (publickey) successful!
2026-06-14 13:38:00,657 [ERROR] aiogram.dispatcher: Failed to fetch updates - TelegramNetworkError: HTTP Client says - ClientOSError: [Errno 1] [SSL: DECRYPTION_FAILED_OR_BAD_RECORD_MAC] decryption failed or bad record mac (_ssl.c:2711)
2026-06-14 13:38:00,658 [WARNING] aiogram.dispatcher: Sleep for 1.000000 seconds and try again... (tryings = 0, bot id = 7960862830)
2026-06-14 13:38:11,801 [INFO] aiogram.dispatcher: Connection established (tryings = 1, bot id = 7960862830)
2026-06-14 13:38:14,353 [INFO] paramiko.transport: Connected (version 2.0, client OpenSSH_9.6p1)
2026-06-14 13:38:14,464 [INFO] aiogram.event: Update id=598837167 is handled. Duration 28968 ms by bot id=7960862830
2026-06-14 13:38:14,580 [INFO] paramiko.transport: Authentication (publickey) successful!
2026-06-14 13:38:18,584 [INFO] paramiko.transport: Connected (version 2.0, client OpenSSH_9.6p1)
2026-06-14 13:38:18,661 [INFO] aiogram.event: Update id=598837165 is handled. Duration 602150 ms by bot id=7960862830
2026-06-14 13:38:18,815 [INFO] paramiko.transport: Authentication (publickey) successful!
2026-06-14 13:42:22,504 [INFO] paramiko.transport: Connected (version 2.0, client OpenSSH_9.6p1)
2026-06-14 13:42:22,748 [INFO] paramiko.transport: Authentication (publickey) successful!
2026-06-14 13:42:23,901 [INFO] paramiko.transport: Connected (version 2.0, client OpenSSH_9.6p1)
2026-06-14 13:42:24,143 [INFO] paramiko.transport: Authentication (publickey) successful!
